<?xml version="1.0" encoding="UTF-8"?>
<!-- Generated by org.testng.reporters.JUnitReportReporter -->
<testsuite hostname="Hamzahmahafzah" failures="0" tests="1" name="project2.myclass" time="0.015" errors="0" timestamp="2023-10-23T13:08:35 EET" skipped="0">
  <testcase classname="project2.myclass" name="myFirstTest" time="0.015"/>
  <system-out/>
</testsuite> <!-- project2.myclass -->
